c:\users\tamabeki\desktop\fp fi kike\cgeihc\lab\practica 1\cg 2021- 1_05 practica1\cg 2021- 1_05 practica1\debug\vc141.pdb
c:\users\tamabeki\desktop\fp fi kike\cgeihc\lab\practica 1\cg 2021- 1_05 practica1\cg 2021- 1_05 practica1\debug\vc141.idb
c:\users\tamabeki\desktop\fp fi kike\cgeihc\lab\practica 1\cg 2021- 1_05 practica1\cg 2021- 1_05 practica1\debug\main_prac03.obj
c:\users\tamabeki\desktop\fp fi kike\cgeihc\lab\practica 1\cg 2021- 1_05 practica1\cg 2021- 1_05 practica1\debug\main_prac03 (1).obj
c:\users\tamabeki\desktop\fp fi kike\cgeihc\lab\practica 1\cg 2021- 1_05 practica1\cg 2021- 1_05 practica1\debug\main_prac03_méndez cabrera luis enrique.obj
c:\users\tamabeki\desktop\fp fi kike\cgeihc\lab\practica 1\cg 2021- 1_05 practica1\cg 2021- 1_05 practica1\debug\main_prac05.obj
c:\users\tamabeki\desktop\fp fi kike\cgeihc\lab\practica 1\cg 2021- 1_05 practica1\cg 2021- 1_05 practica1\debug\esfera.obj
c:\users\tamabeki\desktop\fp fi kike\cgeihc\lab\practica 1\cg 2021- 1_05 practica1\cg 2021- 1_05 practica1\debug\polar.obj
c:\users\tamabeki\desktop\fp fi kike\cgeihc\lab\practica 1\cg 2021- 1_05 practica1\cg 2021- 1_05 practica1\debug\main_prac07.obj
c:\users\tamabeki\desktop\fp fi kike\cgeihc\lab\practica 1\cg 2021- 1_05 practica1\cg 2021- 1_05 practica1\debug\main_prac01 - copia.obj
c:\users\tamabeki\desktop\fp fi kike\cgeihc\lab\practica 1\cg 2021- 1_05 practica1\cg 2021- 1_05 practica1\debug\polarfinal.obj
c:\users\tamabeki\desktop\fp fi kike\cgeihc\lab\practica 1\cg 2021- 1_05 practica1\cg 2021- 1_05 practica1\debug\main_prac02.obj
c:\users\tamabeki\desktop\fp fi kike\cgeihc\lab\practica 1\cg 2021- 1_05 practica1\cg 2021- 1_05 practica1\debug\main_prac01.obj
c:\users\tamabeki\desktop\fp fi kike\cgeihc\lab\practica 1\cg 2021- 1_05 practica1\cg 2021- 1_05 practica1\debug\main_prac06.obj
c:\users\tamabeki\desktop\fp fi kike\cgeihc\lab\practica 1\cg 2021- 1_05 practica1\cg 2021- 1_05 practica1\debug\molino.obj
c:\users\tamabeki\desktop\fp fi kike\cgeihc\lab\practica 1\cg 2021- 1_05 practica1\debug\cg 2021- 1_05 practica1.exe
c:\users\tamabeki\desktop\fp fi kike\cgeihc\lab\practica 1\cg 2021- 1_05 practica1\debug\cg 2021- 1_05 practica1.ilk
c:\users\tamabeki\desktop\fp fi kike\cgeihc\lab\practica 1\cg 2021- 1_05 practica1\debug\cg 2021- 1_05 practica1.pdb
c:\users\tamabeki\desktop\fp fi kike\cgeihc\lab\practica 1\cg 2021- 1_05 practica1\cg 2021- 1_05 practica1\debug\cg 2021-.406384ec.tlog\cl.command.1.tlog
c:\users\tamabeki\desktop\fp fi kike\cgeihc\lab\practica 1\cg 2021- 1_05 practica1\cg 2021- 1_05 practica1\debug\cg 2021-.406384ec.tlog\cl.read.1.tlog
c:\users\tamabeki\desktop\fp fi kike\cgeihc\lab\practica 1\cg 2021- 1_05 practica1\cg 2021- 1_05 practica1\debug\cg 2021-.406384ec.tlog\cl.write.1.tlog
c:\users\tamabeki\desktop\fp fi kike\cgeihc\lab\practica 1\cg 2021- 1_05 practica1\cg 2021- 1_05 practica1\debug\cg 2021-.406384ec.tlog\link.command.1.tlog
c:\users\tamabeki\desktop\fp fi kike\cgeihc\lab\practica 1\cg 2021- 1_05 practica1\cg 2021- 1_05 practica1\debug\cg 2021-.406384ec.tlog\link.read.1.tlog
c:\users\tamabeki\desktop\fp fi kike\cgeihc\lab\practica 1\cg 2021- 1_05 practica1\cg 2021- 1_05 practica1\debug\cg 2021-.406384ec.tlog\link.write.1.tlog
